<?xml version="1.0" encoding="UTF-8"?>
<!-- Generated by org.testng.reporters.JUnitXMLReporter -->
<testsuite ignored="6" hostname="INBOOK_X1_SLIM" failures="1" tests="2" name="ChromeTest(failed)(failed)(failed)(failed)" time="138.875" errors="0" timestamp="2023-12-01T17:49:02 IST">
  <testcase classname="AlarmEvents.Alarm_TC_001" name="alarmtest" time="64.941"/>
  <testcase classname="AlarmEvents.Alarm_TC_001" name="zoominouttest" time="10.293">
    <failure type="org.openqa.selenium.NoSuchElementException" message="no such element: Unable to locate element: {&amp;quot;method&amp;quot;:&amp;quot;xpath&amp;quot;,&amp;quot;selector&amp;quot;:&amp;quot;/html[1]/body[1]/div[1]/div[2]/div[3]/div[3]/div[1]/div[1]/div[2]/div[1]/div[1]/div[3]/div[1]/table[1]/tbody[1]/tr[1]/td[1]/div[2]/div[1]/div[1]/div[1]/div[1]/div[1]/div[3]/div[2]/button[2]&amp;quot;}
  (Session info: chrome=119.0.6045.200)
For documentation on this error, please visit: https://selenium.dev/exceptions/#no_such_element
Build info: version: &amp;apos;4.8.3&amp;apos;, revision: &amp;apos;e5e76298c3&amp;apos;
System info: os.name: &amp;apos;Windows 11&amp;apos;, os.arch: &amp;apos;amd64&amp;apos;, os.version: &amp;apos;10.0&amp;apos;, java.version: &amp;apos;20.0.1&amp;apos;
Driver info: org.openqa.selenium.chrome.ChromeDriver
Command: [37996cc5d2149973b6144ca08a701ade, findElement {using=xpath, value=/html[1]/body[1]/div[1]/div[2]/div[3]/div[3]/div[1]/div[1]/div[2]/div[1]/div[1]/div[3]/div[1]/table[1]/tbody[1]/tr[1]/td[1]/div[2]/div[1]/div[1]/div[1]/div[1]/div[1]/div[3]/div[2]/button[2]}]
Capabilities {acceptInsecureCerts: false, browserName: chrome, browserVersion: 119.0.6045.200, chrome: {chromedriverVersion: 119.0.6045.105 (38c72552c5e..., userDataDir: C:\Users\holde\AppData\Loca...}, fedcm:accounts: true, goog:chromeOptions: {debuggerAddress: localhost:63968}, networkConnectionEnabled: false, pageLoadStrategy: normal, platformName: WINDOWS, proxy: Proxy(), se:cdp: ws://localhost:63968/devtoo..., se:cdpVersion: 119.0.6045.200, setWindowRect: true, strictFileInteractability: false, timeouts: {implicit: 0, pageLoad: 300000, script: 30000}, unhandledPromptBehavior: dismiss and notify, webauthn:extension:credBlob: true, webauthn:extension:largeBlob: true, webauthn:extension:minPinLength: true, webauthn:extension:prf: true, webauthn:virtualAuthenticators: true}
Session ID: 37996cc5d2149973b6144ca08a701ade">
      <![CDATA[org.openqa.selenium.NoSuchElementException: no such element: Unable to locate element: {"method":"xpath","selector":"/html[1]/body[1]/div[1]/div[2]/div[3]/div[3]/div[1]/div[1]/div[2]/div[1]/div[1]/div[3]/div[1]/table[1]/tbody[1]/tr[1]/td[1]/div[2]/div[1]/div[1]/div[1]/div[1]/div[1]/div[3]/div[2]/button[2]"}
  (Session info: chrome=119.0.6045.200)
For documentation on this error, please visit: https://selenium.dev/exceptions/#no_such_element
Build info: version: '4.8.3', revision: 'e5e76298c3'
System info: os.name: 'Windows 11', os.arch: 'amd64', os.version: '10.0', java.version: '20.0.1'
Driver info: org.openqa.selenium.chrome.ChromeDriver
Command: [37996cc5d2149973b6144ca08a701ade, findElement {using=xpath, value=/html[1]/body[1]/div[1]/div[2]/div[3]/div[3]/div[1]/div[1]/div[2]/div[1]/div[1]/div[3]/div[1]/table[1]/tbody[1]/tr[1]/td[1]/div[2]/div[1]/div[1]/div[1]/div[1]/div[1]/div[3]/div[2]/button[2]}]
Capabilities {acceptInsecureCerts: false, browserName: chrome, browserVersion: 119.0.6045.200, chrome: {chromedriverVersion: 119.0.6045.105 (38c72552c5e..., userDataDir: C:\Users\holde\AppData\Loca...}, fedcm:accounts: true, goog:chromeOptions: {debuggerAddress: localhost:63968}, networkConnectionEnabled: false, pageLoadStrategy: normal, platformName: WINDOWS, proxy: Proxy(), se:cdp: ws://localhost:63968/devtoo..., se:cdpVersion: 119.0.6045.200, setWindowRect: true, strictFileInteractability: false, timeouts: {implicit: 0, pageLoad: 300000, script: 30000}, unhandledPromptBehavior: dismiss and notify, webauthn:extension:credBlob: true, webauthn:extension:largeBlob: true, webauthn:extension:minPinLength: true, webauthn:extension:prf: true, webauthn:virtualAuthenticators: true}
Session ID: 37996cc5d2149973b6144ca08a701ade
at org.openqa.selenium.remote.codec.w3c.W3CHttpResponseCodec.createException(W3CHttpResponseCodec.java:200)
at org.openqa.selenium.remote.codec.w3c.W3CHttpResponseCodec.decode(W3CHttpResponseCodec.java:133)
at org.openqa.selenium.remote.codec.w3c.W3CHttpResponseCodec.decode(W3CHttpResponseCodec.java:53)
at org.openqa.selenium.remote.HttpCommandExecutor.execute(HttpCommandExecutor.java:193)
at org.openqa.selenium.remote.service.DriverCommandExecutor.invokeExecute(DriverCommandExecutor.java:183)
at org.openqa.selenium.remote.service.DriverCommandExecutor.execute(DriverCommandExecutor.java:158)
at org.openqa.selenium.remote.RemoteWebDriver.execute(RemoteWebDriver.java:543)
at org.openqa.selenium.remote.ElementLocation$ElementFinder$2.findElement(ElementLocation.java:162)
at org.openqa.selenium.remote.ElementLocation.findElement(ElementLocation.java:60)
at org.openqa.selenium.remote.RemoteWebDriver.findElement(RemoteWebDriver.java:352)
at org.openqa.selenium.remote.RemoteWebDriver.findElement(RemoteWebDriver.java:344)
at org.openqa.selenium.support.pagefactory.DefaultElementLocator.findElement(DefaultElementLocator.java:70)
at org.openqa.selenium.support.pagefactory.internal.LocatingElementHandler.invoke(LocatingElementHandler.java:39)
at jdk.proxy2/jdk.proxy2.$Proxy22.click(Unknown Source)
at sg360.pageobjects.AlarmEvents.view(AlarmEvents.java:219)
at AlarmEvents.Alarm_TC_001.zoominouttest(Alarm_TC_001.java:148)
at java.base/java.util.ArrayList.forEach(ArrayList.java:1511)
... Removed 28 stack frames]]>
    </failure>
  </testcase> <!-- zoominouttest -->
  <testcase classname="AlarmEvents.Alarm_TC_001" name="googlemap" time="0.0">
    <ignored/>
  </testcase> <!-- googlemap -->
  <testcase classname="AlarmEvents.Alarm_TC_001" name="scrolltest" time="0.0">
    <ignored/>
  </testcase> <!-- scrolltest -->
  <testcase classname="AlarmEvents.Alarm_TC_001" name="fullscreen" time="0.0">
    <ignored/>
  </testcase> <!-- fullscreen -->
  <testcase classname="AlarmEvents.Alarm_TC_001" name="textkeyboardtest" time="0.0">
    <ignored/>
  </testcase> <!-- textkeyboardtest -->
  <testcase classname="AlarmEvents.Alarm_TC_001" name="arrowkeystest" time="0.0">
    <ignored/>
  </testcase> <!-- arrowkeystest -->
  <testcase classname="AlarmEvents.Alarm_TC_001" name="refreshtest" time="0.0">
    <ignored/>
  </testcase> <!-- refreshtest -->
</testsuite> <!-- ChromeTest(failed)(failed)(failed)(failed) -->
